<?xml version="1.0" encoding="UTF-8"?>
<testng-results ignored="0" total="1" passed="1" failed="0" skipped="0">
  <reporter-output>
  </reporter-output>
  <suite started-at="2025-01-20T12:11:47 ALMT" name="Surefire suite" finished-at="2025-01-20T12:11:53 ALMT" duration-ms="5561">
    <groups>
    </groups>
    <test started-at="2025-01-20T12:11:47 ALMT" name="Surefire test" finished-at="2025-01-20T12:11:53 ALMT" duration-ms="5561">
      <class name="test.java.AmazonTest">
        <test-method is-config="true" signature="setUp()[pri:0, instance:test.java.AmazonTest@8dbfffb]" started-at="2025-01-20T12:11:47 ALMT" name="setUp" finished-at="2025-01-20T12:11:48 ALMT" duration-ms="1088" status="PASS">
          <reporter-output>
          </reporter-output>
        </test-method> <!-- setUp -->
        <test-method signature="searchTest()[pri:0, instance:test.java.AmazonTest@8dbfffb]" started-at="2025-01-20T12:11:48 ALMT" name="searchTest" finished-at="2025-01-20T12:11:52 ALMT" duration-ms="4193" status="PASS">
          <reporter-output>
          </reporter-output>
        </test-method> <!-- searchTest -->
        <test-method is-config="true" signature="tearDown()[pri:0, instance:test.java.AmazonTest@8dbfffb]" started-at="2025-01-20T12:11:52 ALMT" name="tearDown" finished-at="2025-01-20T12:11:53 ALMT" duration-ms="269" status="PASS">
          <reporter-output>
          </reporter-output>
        </test-method> <!-- tearDown -->
      </class> <!-- test.java.AmazonTest -->
    </test> <!-- Surefire test -->
  </suite> <!-- Surefire suite -->
</testng-results>
